<?xml version="1.0" encoding="UTF-8"?>
<testsuite xmlns:xsi="http://www.w3.org/2001/XMLSchema-instance" xsi:noNamespaceSchemaLocation="https://maven.apache.org/surefire/maven-surefire-plugin/xsd/surefire-test-report-3.0.xsd" version="3.0" name="TestSuite" time="13.172" tests="4" errors="0" skipped="0" failures="1">
  <properties>
    <property name="java.specification.version" value="17"/>
    <property name="webdriver.chrome.driver" value="C:\Users\kishoris\eclipse-workspace\CucumberFramework\src\test\resources\chromedriver.exe"/>
    <property name="sun.cpu.isalist" value="amd64"/>
    <property name="sun.jnu.encoding" value="Cp1252"/>
    <property name="java.class.path" value="C:\Users\kishoris\eclipse-workspace\CucumberFramework\target\test-classes;C:\Users\kishoris\eclipse-workspace\CucumberFramework\target\classes;C:\Users\kishoris\.m2\repository\io\cucumber\cucumber-java\7.4.1\cucumber-java-7.4.1.jar;C:\Users\kishoris\.m2\repository\io\cucumber\cucumber-core\7.4.1\cucumber-core-7.4.1.jar;C:\Users\kishoris\.m2\repository\io\cucumber\cucumber-gherkin\7.4.1\cucumber-gherkin-7.4.1.jar;C:\Users\kishoris\.m2\repository\io\cucumber\cucumber-gherkin-messages\7.4.1\cucumber-gherkin-messages-7.4.1.jar;C:\Users\kishoris\.m2\repository\io\cucumber\gherkin\23.0.1\gherkin-23.0.1.jar;C:\Users\kishoris\.m2\repository\io\cucumber\messages\18.0.0\messages-18.0.0.jar;C:\Users\kishoris\.m2\repository\io\cucumber\tag-expressions\4.1.0\tag-expressions-4.1.0.jar;C:\Users\kishoris\.m2\repository\io\cucumber\cucumber-expressions\16.0.0\cucumber-expressions-16.0.0.jar;C:\Users\kishoris\.m2\repository\io\cucumber\datatable\7.4.1\datatable-7.4.1.jar;C:\Users\kishoris\.m2\repository\io\cucumber\cucumber-plugin\7.4.1\cucumber-plugin-7.4.1.jar;C:\Users\kishoris\.m2\repository\io\cucumber\docstring\7.4.1\docstring-7.4.1.jar;C:\Users\kishoris\.m2\repository\io\cucumber\html-formatter\19.2.0\html-formatter-19.2.0.jar;C:\Users\kishoris\.m2\repository\io\cucumber\ci-environment\9.0.4\ci-environment-9.0.4.jar;C:\Users\kishoris\.m2\repository\org\apiguardian\apiguardian-api\1.1.2\apiguardian-api-1.1.2.jar;C:\Users\kishoris\.m2\repository\io\cucumber\cucumber-testng\7.4.1\cucumber-testng-7.4.1.jar;C:\Users\kishoris\.m2\repository\org\testng\testng\7.6.0\testng-7.6.0.jar;C:\Users\kishoris\.m2\repository\com\google\code\findbugs\jsr305\3.0.2\jsr305-3.0.2.jar;C:\Users\kishoris\.m2\repository\org\slf4j\slf4j-api\1.7.36\slf4j-api-1.7.36.jar;C:\Users\kishoris\.m2\repository\com\beust\jcommander\1.82\jcommander-1.82.jar;C:\Users\kishoris\.m2\repository\org\webjars\jquery\3.6.0\jquery-3.6.0.jar;C:\Users\kishoris\.m2\repository\org\seleniumhq\selenium\selenium-java\4.3.0\selenium-java-4.3.0.jar;C:\Users\kishoris\.m2\repository\org\seleniumhq\selenium\selenium-api\4.3.0\selenium-api-4.3.0.jar;C:\Users\kishoris\.m2\repository\org\seleniumhq\selenium\selenium-chrome-driver\4.3.0\selenium-chrome-driver-4.3.0.jar;C:\Users\kishoris\.m2\repository\com\google\auto\service\auto-service-annotations\1.0.1\auto-service-annotations-1.0.1.jar;C:\Users\kishoris\.m2\repository\com\google\auto\service\auto-service\1.0.1\auto-service-1.0.1.jar;C:\Users\kishoris\.m2\repository\com\google\auto\auto-common\1.2\auto-common-1.2.jar;C:\Users\kishoris\.m2\repository\com\google\guava\guava\31.1-jre\guava-31.1-jre.jar;C:\Users\kishoris\.m2\repository\com\google\guava\failureaccess\1.0.1\failureaccess-1.0.1.jar;C:\Users\kishoris\.m2\repository\com\google\guava\listenablefuture\9999.0-empty-to-avoid-conflict-with-guava\listenablefuture-9999.0-empty-to-avoid-conflict-with-guava.jar;C:\Users\kishoris\.m2\repository\org\checkerframework\checker-qual\3.12.0\checker-qual-3.12.0.jar;C:\Users\kishoris\.m2\repository\com\google\errorprone\error_prone_annotations\2.11.0\error_prone_annotations-2.11.0.jar;C:\Users\kishoris\.m2\repository\com\google\j2objc\j2objc-annotations\1.3\j2objc-annotations-1.3.jar;C:\Users\kishoris\.m2\repository\org\seleniumhq\selenium\selenium-chromium-driver\4.3.0\selenium-chromium-driver-4.3.0.jar;C:\Users\kishoris\.m2\repository\org\seleniumhq\selenium\selenium-json\4.3.0\selenium-json-4.3.0.jar;C:\Users\kishoris\.m2\repository\org\seleniumhq\selenium\selenium-devtools-v101\4.3.0\selenium-devtools-v101-4.3.0.jar;C:\Users\kishoris\.m2\repository\org\seleniumhq\selenium\selenium-devtools-v102\4.3.0\selenium-devtools-v102-4.3.0.jar;C:\Users\kishoris\.m2\repository\org\seleniumhq\selenium\selenium-devtools-v103\4.3.0\selenium-devtools-v103-4.3.0.jar;C:\Users\kishoris\.m2\repository\org\seleniumhq\selenium\selenium-devtools-v85\4.3.0\selenium-devtools-v85-4.3.0.jar;C:\Users\kishoris\.m2\repository\org\seleniumhq\selenium\selenium-edge-driver\4.3.0\selenium-edge-driver-4.3.0.jar;C:\Users\kishoris\.m2\repository\org\seleniumhq\selenium\selenium-firefox-driver\4.3.0\selenium-firefox-driver-4.3.0.jar;C:\Users\kishoris\.m2\repository\org\seleniumhq\selenium\selenium-ie-driver\4.3.0\selenium-ie-driver-4.3.0.jar;C:\Users\kishoris\.m2\repository\org\seleniumhq\selenium\selenium-opera-driver\4.3.0\selenium-opera-driver-4.3.0.jar;C:\Users\kishoris\.m2\repository\org\seleniumhq\selenium\selenium-remote-driver\4.3.0\selenium-remote-driver-4.3.0.jar;C:\Users\kishoris\.m2\repository\io\netty\netty-buffer\4.1.78.Final\netty-buffer-4.1.78.Final.jar;C:\Users\kishoris\.m2\repository\io\netty\netty-codec-http\4.1.78.Final\netty-codec-http-4.1.78.Final.jar;C:\Users\kishoris\.m2\repository\io\netty\netty-codec\4.1.78.Final\netty-codec-4.1.78.Final.jar;C:\Users\kishoris\.m2\repository\io\netty\netty-handler\4.1.78.Final\netty-handler-4.1.78.Final.jar;C:\Users\kishoris\.m2\repository\io\netty\netty-common\4.1.78.Final\netty-common-4.1.78.Final.jar;C:\Users\kishoris\.m2\repository\io\netty\netty-transport-classes-epoll\4.1.78.Final\netty-transport-classes-epoll-4.1.78.Final.jar;C:\Users\kishoris\.m2\repository\io\netty\netty-transport-classes-kqueue\4.1.78.Final\netty-transport-classes-kqueue-4.1.78.Final.jar;C:\Users\kishoris\.m2\repository\io\netty\netty-transport-native-epoll\4.1.78.Final\netty-transport-native-epoll-4.1.78.Final.jar;C:\Users\kishoris\.m2\repository\io\netty\netty-transport-native-kqueue\4.1.78.Final\netty-transport-native-kqueue-4.1.78.Final.jar;C:\Users\kishoris\.m2\repository\io\netty\netty-transport-native-unix-common\4.1.78.Final\netty-transport-native-unix-common-4.1.78.Final.jar;C:\Users\kishoris\.m2\repository\io\netty\netty-transport\4.1.78.Final\netty-transport-4.1.78.Final.jar;C:\Users\kishoris\.m2\repository\io\netty\netty-resolver\4.1.78.Final\netty-resolver-4.1.78.Final.jar;C:\Users\kishoris\.m2\repository\io\opentelemetry\opentelemetry-api\1.15.0\opentelemetry-api-1.15.0.jar;C:\Users\kishoris\.m2\repository\io\opentelemetry\opentelemetry-context\1.15.0\opentelemetry-context-1.15.0.jar;C:\Users\kishoris\.m2\repository\io\opentelemetry\opentelemetry-exporter-logging\1.15.0\opentelemetry-exporter-logging-1.15.0.jar;C:\Users\kishoris\.m2\repository\io\opentelemetry\opentelemetry-sdk-metrics\1.15.0\opentelemetry-sdk-metrics-1.15.0.jar;C:\Users\kishoris\.m2\repository\io\opentelemetry\opentelemetry-sdk-logs\1.15.0-alpha\opentelemetry-sdk-logs-1.15.0-alpha.jar;C:\Users\kishoris\.m2\repository\io\opentelemetry\opentelemetry-sdk-common\1.15.0\opentelemetry-sdk-common-1.15.0.jar;C:\Users\kishoris\.m2\repository\io\opentelemetry\opentelemetry-sdk-extension-autoconfigure-spi\1.15.0\opentelemetry-sdk-extension-autoconfigure-spi-1.15.0.jar;C:\Users\kishoris\.m2\repository\io\opentelemetry\opentelemetry-sdk-extension-autoconfigure\1.15.0-alpha\opentelemetry-sdk-extension-autoconfigure-1.15.0-alpha.jar;C:\Users\kishoris\.m2\repository\io\opentelemetry\opentelemetry-sdk-trace\1.15.0\opentelemetry-sdk-trace-1.15.0.jar;C:\Users\kishoris\.m2\repository\io\opentelemetry\opentelemetry-sdk\1.15.0\opentelemetry-sdk-1.15.0.jar;C:\Users\kishoris\.m2\repository\io\opentelemetry\opentelemetry-semconv\1.15.0-alpha\opentelemetry-semconv-1.15.0-alpha.jar;C:\Users\kishoris\.m2\repository\io\ous\jtoml\2.0.0\jtoml-2.0.0.jar;C:\Users\kishoris\.m2\repository\net\bytebuddy\byte-buddy\1.12.10\byte-buddy-1.12.10.jar;C:\Users\kishoris\.m2\repository\org\apache\commons\commons-exec\1.3\commons-exec-1.3.jar;C:\Users\kishoris\.m2\repository\org\asynchttpclient\async-http-client\2.12.3\async-http-client-2.12.3.jar;C:\Users\kishoris\.m2\repository\org\asynchttpclient\async-http-client-netty-utils\2.12.3\async-http-client-netty-utils-2.12.3.jar;C:\Users\kishoris\.m2\repository\io\netty\netty-codec-socks\4.1.60.Final\netty-codec-socks-4.1.60.Final.jar;C:\Users\kishoris\.m2\repository\io\netty\netty-handler-proxy\4.1.60.Final\netty-handler-proxy-4.1.60.Final.jar;C:\Users\kishoris\.m2\repository\io\netty\netty-transport-native-epoll\4.1.60.Final\netty-transport-native-epoll-4.1.60.Final-linux-x86_64.jar;C:\Users\kishoris\.m2\repository\io\netty\netty-transport-native-kqueue\4.1.60.Final\netty-transport-native-kqueue-4.1.60.Final-osx-x86_64.jar;C:\Users\kishoris\.m2\repository\com\typesafe\netty\netty-reactive-streams\2.0.4\netty-reactive-streams-2.0.4.jar;C:\Users\kishoris\.m2\repository\com\sun\activation\jakarta.activation\1.2.2\jakarta.activation-1.2.2.jar;C:\Users\kishoris\.m2\repository\org\seleniumhq\selenium\selenium-http\4.3.0\selenium-http-4.3.0.jar;C:\Users\kishoris\.m2\repository\dev\failsafe\failsafe\3.2.4\failsafe-3.2.4.jar;C:\Users\kishoris\.m2\repository\org\seleniumhq\selenium\selenium-safari-driver\4.3.0\selenium-safari-driver-4.3.0.jar;C:\Users\kishoris\.m2\repository\org\seleniumhq\selenium\selenium-support\4.3.0\selenium-support-4.3.0.jar;C:\Users\kishoris\.m2\repository\io\cucumber\cucumber-picocontainer\7.4.1\cucumber-picocontainer-7.4.1.jar;C:\Users\kishoris\.m2\repository\org\picocontainer\picocontainer\2.15\picocontainer-2.15.jar;C:\Users\kishoris\.m2\repository\com\aventstack\extentreports\5.0.9\extentreports-5.0.9.jar;C:\Users\kishoris\.m2\repository\io\reactivex\rxjava3\rxjava\3.0.4\rxjava-3.0.4.jar;C:\Users\kishoris\.m2\repository\org\reactivestreams\reactive-streams\1.0.3\reactive-streams-1.0.3.jar;C:\Users\kishoris\.m2\repository\org\freemarker\freemarker\2.3.30\freemarker-2.3.30.jar;C:\Users\kishoris\.m2\repository\org\projectlombok\lombok\1.18.12\lombok-1.18.12.jar;C:\Users\kishoris\.m2\repository\com\google\code\gson\gson\2.8.6\gson-2.8.6.jar;C:\Users\kishoris\.m2\repository\tech\grasshopper\extentreports-cucumber7-adapter\1.7.0\extentreports-cucumber7-adapter-1.7.0.jar;C:\Users\kishoris\.m2\repository\tech\grasshopper\extent-pdf-report\2.7.0\extent-pdf-report-2.7.0.jar;C:\Users\kishoris\.m2\repository\tech\grasshopper\cucumber-pdf-report\2.10.0\cucumber-pdf-report-2.10.0.jar;C:\Users\kishoris\.m2\repository\org\apache\pdfbox\pdfbox\2.0.26\pdfbox-2.0.26.jar;C:\Users\kishoris\.m2\repository\org\apache\pdfbox\fontbox\2.0.26\fontbox-2.0.26.jar;C:\Users\kishoris\.m2\repository\org\knowm\xchart\xchart\3.8.0\xchart-3.8.0.jar;C:\Users\kishoris\.m2\repository\de\erichseifert\vectorgraphics2d\VectorGraphics2D\0.13\VectorGraphics2D-0.13.jar;C:\Users\kishoris\.m2\repository\de\rototor\pdfbox\graphics2d\0.30\graphics2d-0.30.jar;C:\Users\kishoris\.m2\repository\com\madgag\animated-gif-lib\1.4\animated-gif-lib-1.4.jar;C:\Users\kishoris\.m2\repository\org\yaml\snakeyaml\1.28\snakeyaml-1.28.jar;C:\Users\kishoris\.m2\repository\tech\grasshopper\table-layout\1.5.1\table-layout-1.5.1.jar;C:\Users\kishoris\.m2\repository\tech\grasshopper\rest-assured-cucumber-pdf-report\1.4.1\rest-assured-cucumber-pdf-report-1.4.1.jar;C:\Users\kishoris\.m2\repository\org\jsoup\jsoup\1.14.3\jsoup-1.14.3.jar;C:\Users\kishoris\.m2\repository\com\aventstack\klov-reporter\5.0.9\klov-reporter-5.0.9.jar;C:\Users\kishoris\.m2\repository\org\mongodb\mongodb-driver\3.6.4\mongodb-driver-3.6.4.jar;C:\Users\kishoris\.m2\repository\org\mongodb\mongodb-driver-core\3.6.4\mongodb-driver-core-3.6.4.jar;C:\Users\kishoris\.m2\repository\org\mongodb\bson\3.6.4\bson-3.6.4.jar;C:\Users\kishoris\.m2\repository\org\apache\httpcomponents\httpclient\4.5.13\httpclient-4.5.13.jar;C:\Users\kishoris\.m2\repository\org\apache\httpcomponents\httpcore\4.4.13\httpcore-4.4.13.jar;C:\Users\kishoris\.m2\repository\commons-logging\commons-logging\1.2\commons-logging-1.2.jar;C:\Users\kishoris\.m2\repository\commons-codec\commons-codec\1.11\commons-codec-1.11.jar;C:\Users\kishoris\.m2\repository\org\apache\httpcomponents\httpmime\4.5.13\httpmime-4.5.13.jar;C:\Users\kishoris\.m2\repository\tech\grasshopper\htmlextentreporter\1.0.1\htmlextentreporter-1.0.1.jar;C:\Users\kishoris\.m2\repository\commons-io\commons-io\2.11.0\commons-io-2.11.0.jar;"/>
    <property name="java.vm.vendor" value="Eclipse Adoptium"/>
    <property name="sun.arch.data.model" value="64"/>
    <property name="user.variant" value=""/>
    <property name="java.vendor.url" value="https://adoptium.net/"/>
    <property name="user.timezone" value="Asia/Calcutta"/>
    <property name="os.name" value="Windows 10"/>
    <property name="java.vm.specification.version" value="17"/>
    <property name="sun.java.launcher" value="SUN_STANDARD"/>
    <property name="user.country" value="IN"/>
    <property name="sun.boot.library.path" value="C:\Users\kishoris\.p2\pool\plugins\org.eclipse.justj.openjdk.hotspot.jre.full.win32.x86_64_17.0.3.v20220515-1416\jre\bin"/>
    <property name="sun.java.command" value="C:\Users\kishoris\AppData\Local\Temp\surefire4810616394384848599\surefirebooter7409189832952694204.jar C:\Users\kishoris\AppData\Local\Temp\surefire4810616394384848599 2022-08-04T11-34-43_736-jvmRun1 surefire2098133071397754497tmp surefire_08665545837223433543tmp"/>
    <property name="jdk.debug" value="release"/>
    <property name="surefire.test.class.path" value="C:\Users\kishoris\eclipse-workspace\CucumberFramework\target\test-classes;C:\Users\kishoris\eclipse-workspace\CucumberFramework\target\classes;C:\Users\kishoris\.m2\repository\io\cucumber\cucumber-java\7.4.1\cucumber-java-7.4.1.jar;C:\Users\kishoris\.m2\repository\io\cucumber\cucumber-core\7.4.1\cucumber-core-7.4.1.jar;C:\Users\kishoris\.m2\repository\io\cucumber\cucumber-gherkin\7.4.1\cucumber-gherkin-7.4.1.jar;C:\Users\kishoris\.m2\repository\io\cucumber\cucumber-gherkin-messages\7.4.1\cucumber-gherkin-messages-7.4.1.jar;C:\Users\kishoris\.m2\repository\io\cucumber\gherkin\23.0.1\gherkin-23.0.1.jar;C:\Users\kishoris\.m2\repository\io\cucumber\messages\18.0.0\messages-18.0.0.jar;C:\Users\kishoris\.m2\repository\io\cucumber\tag-expressions\4.1.0\tag-expressions-4.1.0.jar;C:\Users\kishoris\.m2\repository\io\cucumber\cucumber-expressions\16.0.0\cucumber-expressions-16.0.0.jar;C:\Users\kishoris\.m2\repository\io\cucumber\datatable\7.4.1\datatable-7.4.1.jar;C:\Users\kishoris\.m2\repository\io\cucumber\cucumber-plugin\7.4.1\cucumber-plugin-7.4.1.jar;C:\Users\kishoris\.m2\repository\io\cucumber\docstring\7.4.1\docstring-7.4.1.jar;C:\Users\kishoris\.m2\repository\io\cucumber\html-formatter\19.2.0\html-formatter-19.2.0.jar;C:\Users\kishoris\.m2\repository\io\cucumber\ci-environment\9.0.4\ci-environment-9.0.4.jar;C:\Users\kishoris\.m2\repository\org\apiguardian\apiguardian-api\1.1.2\apiguardian-api-1.1.2.jar;C:\Users\kishoris\.m2\repository\io\cucumber\cucumber-testng\7.4.1\cucumber-testng-7.4.1.jar;C:\Users\kishoris\.m2\repository\org\testng\testng\7.6.0\testng-7.6.0.jar;C:\Users\kishoris\.m2\repository\com\google\code\findbugs\jsr305\3.0.2\jsr305-3.0.2.jar;C:\Users\kishoris\.m2\repository\org\slf4j\slf4j-api\1.7.36\slf4j-api-1.7.36.jar;C:\Users\kishoris\.m2\repository\com\beust\jcommander\1.82\jcommander-1.82.jar;C:\Users\kishoris\.m2\repository\org\webjars\jquery\3.6.0\jquery-3.6.0.jar;C:\Users\kishoris\.m2\repository\org\seleniumhq\selenium\selenium-java\4.3.0\selenium-java-4.3.0.jar;C:\Users\kishoris\.m2\repository\org\seleniumhq\selenium\selenium-api\4.3.0\selenium-api-4.3.0.jar;C:\Users\kishoris\.m2\repository\org\seleniumhq\selenium\selenium-chrome-driver\4.3.0\selenium-chrome-driver-4.3.0.jar;C:\Users\kishoris\.m2\repository\com\google\auto\service\auto-service-annotations\1.0.1\auto-service-annotations-1.0.1.jar;C:\Users\kishoris\.m2\repository\com\google\auto\service\auto-service\1.0.1\auto-service-1.0.1.jar;C:\Users\kishoris\.m2\repository\com\google\auto\auto-common\1.2\auto-common-1.2.jar;C:\Users\kishoris\.m2\repository\com\google\guava\guava\31.1-jre\guava-31.1-jre.jar;C:\Users\kishoris\.m2\repository\com\google\guava\failureaccess\1.0.1\failureaccess-1.0.1.jar;C:\Users\kishoris\.m2\repository\com\google\guava\listenablefuture\9999.0-empty-to-avoid-conflict-with-guava\listenablefuture-9999.0-empty-to-avoid-conflict-with-guava.jar;C:\Users\kishoris\.m2\repository\org\checkerframework\checker-qual\3.12.0\checker-qual-3.12.0.jar;C:\Users\kishoris\.m2\repository\com\google\errorprone\error_prone_annotations\2.11.0\error_prone_annotations-2.11.0.jar;C:\Users\kishoris\.m2\repository\com\google\j2objc\j2objc-annotations\1.3\j2objc-annotations-1.3.jar;C:\Users\kishoris\.m2\repository\org\seleniumhq\selenium\selenium-chromium-driver\4.3.0\selenium-chromium-driver-4.3.0.jar;C:\Users\kishoris\.m2\repository\org\seleniumhq\selenium\selenium-json\4.3.0\selenium-json-4.3.0.jar;C:\Users\kishoris\.m2\repository\org\seleniumhq\selenium\selenium-devtools-v101\4.3.0\selenium-devtools-v101-4.3.0.jar;C:\Users\kishoris\.m2\repository\org\seleniumhq\selenium\selenium-devtools-v102\4.3.0\selenium-devtools-v102-4.3.0.jar;C:\Users\kishoris\.m2\repository\org\seleniumhq\selenium\selenium-devtools-v103\4.3.0\selenium-devtools-v103-4.3.0.jar;C:\Users\kishoris\.m2\repository\org\seleniumhq\selenium\selenium-devtools-v85\4.3.0\selenium-devtools-v85-4.3.0.jar;C:\Users\kishoris\.m2\repository\org\seleniumhq\selenium\selenium-edge-driver\4.3.0\selenium-edge-driver-4.3.0.jar;C:\Users\kishoris\.m2\repository\org\seleniumhq\selenium\selenium-firefox-driver\4.3.0\selenium-firefox-driver-4.3.0.jar;C:\Users\kishoris\.m2\repository\org\seleniumhq\selenium\selenium-ie-driver\4.3.0\selenium-ie-driver-4.3.0.jar;C:\Users\kishoris\.m2\repository\org\seleniumhq\selenium\selenium-opera-driver\4.3.0\selenium-opera-driver-4.3.0.jar;C:\Users\kishoris\.m2\repository\org\seleniumhq\selenium\selenium-remote-driver\4.3.0\selenium-remote-driver-4.3.0.jar;C:\Users\kishoris\.m2\repository\io\netty\netty-buffer\4.1.78.Final\netty-buffer-4.1.78.Final.jar;C:\Users\kishoris\.m2\repository\io\netty\netty-codec-http\4.1.78.Final\netty-codec-http-4.1.78.Final.jar;C:\Users\kishoris\.m2\repository\io\netty\netty-codec\4.1.78.Final\netty-codec-4.1.78.Final.jar;C:\Users\kishoris\.m2\repository\io\netty\netty-handler\4.1.78.Final\netty-handler-4.1.78.Final.jar;C:\Users\kishoris\.m2\repository\io\netty\netty-common\4.1.78.Final\netty-common-4.1.78.Final.jar;C:\Users\kishoris\.m2\repository\io\netty\netty-transport-classes-epoll\4.1.78.Final\netty-transport-classes-epoll-4.1.78.Final.jar;C:\Users\kishoris\.m2\repository\io\netty\netty-transport-classes-kqueue\4.1.78.Final\netty-transport-classes-kqueue-4.1.78.Final.jar;C:\Users\kishoris\.m2\repository\io\netty\netty-transport-native-epoll\4.1.78.Final\netty-transport-native-epoll-4.1.78.Final.jar;C:\Users\kishoris\.m2\repository\io\netty\netty-transport-native-kqueue\4.1.78.Final\netty-transport-native-kqueue-4.1.78.Final.jar;C:\Users\kishoris\.m2\repository\io\netty\netty-transport-native-unix-common\4.1.78.Final\netty-transport-native-unix-common-4.1.78.Final.jar;C:\Users\kishoris\.m2\repository\io\netty\netty-transport\4.1.78.Final\netty-transport-4.1.78.Final.jar;C:\Users\kishoris\.m2\repository\io\netty\netty-resolver\4.1.78.Final\netty-resolver-4.1.78.Final.jar;C:\Users\kishoris\.m2\repository\io\opentelemetry\opentelemetry-api\1.15.0\opentelemetry-api-1.15.0.jar;C:\Users\kishoris\.m2\repository\io\opentelemetry\opentelemetry-context\1.15.0\opentelemetry-context-1.15.0.jar;C:\Users\kishoris\.m2\repository\io\opentelemetry\opentelemetry-exporter-logging\1.15.0\opentelemetry-exporter-logging-1.15.0.jar;C:\Users\kishoris\.m2\repository\io\opentelemetry\opentelemetry-sdk-metrics\1.15.0\opentelemetry-sdk-metrics-1.15.0.jar;C:\Users\kishoris\.m2\repository\io\opentelemetry\opentelemetry-sdk-logs\1.15.0-alpha\opentelemetry-sdk-logs-1.15.0-alpha.jar;C:\Users\kishoris\.m2\repository\io\opentelemetry\opentelemetry-sdk-common\1.15.0\opentelemetry-sdk-common-1.15.0.jar;C:\Users\kishoris\.m2\repository\io\opentelemetry\opentelemetry-sdk-extension-autoconfigure-spi\1.15.0\opentelemetry-sdk-extension-autoconfigure-spi-1.15.0.jar;C:\Users\kishoris\.m2\repository\io\opentelemetry\opentelemetry-sdk-extension-autoconfigure\1.15.0-alpha\opentelemetry-sdk-extension-autoconfigure-1.15.0-alpha.jar;C:\Users\kishoris\.m2\repository\io\opentelemetry\opentelemetry-sdk-trace\1.15.0\opentelemetry-sdk-trace-1.15.0.jar;C:\Users\kishoris\.m2\repository\io\opentelemetry\opentelemetry-sdk\1.15.0\opentelemetry-sdk-1.15.0.jar;C:\Users\kishoris\.m2\repository\io\opentelemetry\opentelemetry-semconv\1.15.0-alpha\opentelemetry-semconv-1.15.0-alpha.jar;C:\Users\kishoris\.m2\repository\io\ous\jtoml\2.0.0\jtoml-2.0.0.jar;C:\Users\kishoris\.m2\repository\net\bytebuddy\byte-buddy\1.12.10\byte-buddy-1.12.10.jar;C:\Users\kishoris\.m2\repository\org\apache\commons\commons-exec\1.3\commons-exec-1.3.jar;C:\Users\kishoris\.m2\repository\org\asynchttpclient\async-http-client\2.12.3\async-http-client-2.12.3.jar;C:\Users\kishoris\.m2\repository\org\asynchttpclient\async-http-client-netty-utils\2.12.3\async-http-client-netty-utils-2.12.3.jar;C:\Users\kishoris\.m2\repository\io\netty\netty-codec-socks\4.1.60.Final\netty-codec-socks-4.1.60.Final.jar;C:\Users\kishoris\.m2\repository\io\netty\netty-handler-proxy\4.1.60.Final\netty-handler-proxy-4.1.60.Final.jar;C:\Users\kishoris\.m2\repository\io\netty\netty-transport-native-epoll\4.1.60.Final\netty-transport-native-epoll-4.1.60.Final-linux-x86_64.jar;C:\Users\kishoris\.m2\repository\io\netty\netty-transport-native-kqueue\4.1.60.Final\netty-transport-native-kqueue-4.1.60.Final-osx-x86_64.jar;C:\Users\kishoris\.m2\repository\com\typesafe\netty\netty-reactive-streams\2.0.4\netty-reactive-streams-2.0.4.jar;C:\Users\kishoris\.m2\repository\com\sun\activation\jakarta.activation\1.2.2\jakarta.activation-1.2.2.jar;C:\Users\kishoris\.m2\repository\org\seleniumhq\selenium\selenium-http\4.3.0\selenium-http-4.3.0.jar;C:\Users\kishoris\.m2\repository\dev\failsafe\failsafe\3.2.4\failsafe-3.2.4.jar;C:\Users\kishoris\.m2\repository\org\seleniumhq\selenium\selenium-safari-driver\4.3.0\selenium-safari-driver-4.3.0.jar;C:\Users\kishoris\.m2\repository\org\seleniumhq\selenium\selenium-support\4.3.0\selenium-support-4.3.0.jar;C:\Users\kishoris\.m2\repository\io\cucumber\cucumber-picocontainer\7.4.1\cucumber-picocontainer-7.4.1.jar;C:\Users\kishoris\.m2\repository\org\picocontainer\picocontainer\2.15\picocontainer-2.15.jar;C:\Users\kishoris\.m2\repository\com\aventstack\extentreports\5.0.9\extentreports-5.0.9.jar;C:\Users\kishoris\.m2\repository\io\reactivex\rxjava3\rxjava\3.0.4\rxjava-3.0.4.jar;C:\Users\kishoris\.m2\repository\org\reactivestreams\reactive-streams\1.0.3\reactive-streams-1.0.3.jar;C:\Users\kishoris\.m2\repository\org\freemarker\freemarker\2.3.30\freemarker-2.3.30.jar;C:\Users\kishoris\.m2\repository\org\projectlombok\lombok\1.18.12\lombok-1.18.12.jar;C:\Users\kishoris\.m2\repository\com\google\code\gson\gson\2.8.6\gson-2.8.6.jar;C:\Users\kishoris\.m2\repository\tech\grasshopper\extentreports-cucumber7-adapter\1.7.0\extentreports-cucumber7-adapter-1.7.0.jar;C:\Users\kishoris\.m2\repository\tech\grasshopper\extent-pdf-report\2.7.0\extent-pdf-report-2.7.0.jar;C:\Users\kishoris\.m2\repository\tech\grasshopper\cucumber-pdf-report\2.10.0\cucumber-pdf-report-2.10.0.jar;C:\Users\kishoris\.m2\repository\org\apache\pdfbox\pdfbox\2.0.26\pdfbox-2.0.26.jar;C:\Users\kishoris\.m2\repository\org\apache\pdfbox\fontbox\2.0.26\fontbox-2.0.26.jar;C:\Users\kishoris\.m2\repository\org\knowm\xchart\xchart\3.8.0\xchart-3.8.0.jar;C:\Users\kishoris\.m2\repository\de\erichseifert\vectorgraphics2d\VectorGraphics2D\0.13\VectorGraphics2D-0.13.jar;C:\Users\kishoris\.m2\repository\de\rototor\pdfbox\graphics2d\0.30\graphics2d-0.30.jar;C:\Users\kishoris\.m2\repository\com\madgag\animated-gif-lib\1.4\animated-gif-lib-1.4.jar;C:\Users\kishoris\.m2\repository\org\yaml\snakeyaml\1.28\snakeyaml-1.28.jar;C:\Users\kishoris\.m2\repository\tech\grasshopper\table-layout\1.5.1\table-layout-1.5.1.jar;C:\Users\kishoris\.m2\repository\tech\grasshopper\rest-assured-cucumber-pdf-report\1.4.1\rest-assured-cucumber-pdf-report-1.4.1.jar;C:\Users\kishoris\.m2\repository\org\jsoup\jsoup\1.14.3\jsoup-1.14.3.jar;C:\Users\kishoris\.m2\repository\com\aventstack\klov-reporter\5.0.9\klov-reporter-5.0.9.jar;C:\Users\kishoris\.m2\repository\org\mongodb\mongodb-driver\3.6.4\mongodb-driver-3.6.4.jar;C:\Users\kishoris\.m2\repository\org\mongodb\mongodb-driver-core\3.6.4\mongodb-driver-core-3.6.4.jar;C:\Users\kishoris\.m2\repository\org\mongodb\bson\3.6.4\bson-3.6.4.jar;C:\Users\kishoris\.m2\repository\org\apache\httpcomponents\httpclient\4.5.13\httpclient-4.5.13.jar;C:\Users\kishoris\.m2\repository\org\apache\httpcomponents\httpcore\4.4.13\httpcore-4.4.13.jar;C:\Users\kishoris\.m2\repository\commons-logging\commons-logging\1.2\commons-logging-1.2.jar;C:\Users\kishoris\.m2\repository\commons-codec\commons-codec\1.11\commons-codec-1.11.jar;C:\Users\kishoris\.m2\repository\org\apache\httpcomponents\httpmime\4.5.13\httpmime-4.5.13.jar;C:\Users\kishoris\.m2\repository\tech\grasshopper\htmlextentreporter\1.0.1\htmlextentreporter-1.0.1.jar;C:\Users\kishoris\.m2\repository\commons-io\commons-io\2.11.0\commons-io-2.11.0.jar;"/>
    <property name="sun.cpu.endian" value="little"/>
    <property name="user.home" value="C:\Users\kishoris"/>
    <property name="user.language" value="en"/>
    <property name="java.specification.vendor" value="Oracle Corporation"/>
    <property name="java.version.date" value="2022-04-19"/>
    <property name="java.home" value="C:\Users\kishoris\.p2\pool\plugins\org.eclipse.justj.openjdk.hotspot.jre.full.win32.x86_64_17.0.3.v20220515-1416\jre"/>
    <property name="file.separator" value="\"/>
    <property name="basedir" value="C:\Users\kishoris\eclipse-workspace\CucumberFramework"/>
    <property name="java.vm.compressedOopsMode" value="Zero based"/>
    <property name="line.separator" value="&#10;"/>
    <property name="java.vm.specification.vendor" value="Oracle Corporation"/>
    <property name="java.specification.name" value="Java Platform API Specification"/>
    <property name="surefire.real.class.path" value="C:\Users\kishoris\AppData\Local\Temp\surefire4810616394384848599\surefirebooter7409189832952694204.jar"/>
    <property name="user.script" value=""/>
    <property name="sun.management.compiler" value="HotSpot 64-Bit Tiered Compilers"/>
    <property name="java.runtime.version" value="17.0.3+7"/>
    <property name="user.name" value="kishoris"/>
    <property name="path.separator" value=";"/>
    <property name="os.version" value="10.0"/>
    <property name="java.runtime.name" value="OpenJDK Runtime Environment"/>
    <property name="file.encoding" value="Cp1252"/>
    <property name="java.vm.name" value="OpenJDK 64-Bit Server VM"/>
    <property name="java.vendor.version" value="Temurin-17.0.3+7"/>
    <property name="localRepository" value="C:\Users\kishoris\.m2\repository"/>
    <property name="java.vendor.url.bug" value="https://github.com/adoptium/adoptium-support/issues"/>
    <property name="java.io.tmpdir" value="C:\Users\kishoris\AppData\Local\Temp\"/>
    <property name="java.version" value="17.0.3"/>
    <property name="user.dir" value="C:\Users\kishoris\eclipse-workspace\CucumberFramework"/>
    <property name="os.arch" value="amd64"/>
    <property name="java.vm.specification.name" value="Java Virtual Machine Specification"/>
    <property name="sun.os.patch.level" value=""/>
    <property name="native.encoding" value="Cp1252"/>
    <property name="java.library.path" value="C:\Users\kishoris\.p2\pool\plugins\org.eclipse.justj.openjdk.hotspot.jre.full.win32.x86_64_17.0.3.v20220515-1416\jre\bin;C:\Windows\Sun\Java\bin;C:\Windows\system32;C:\Windows;C:/Users/kishoris/.p2/pool/plugins/org.eclipse.justj.openjdk.hotspot.jre.full.win32.x86_64_17.0.3.v20220515-1416/jre/bin/server;C:/Users/kishoris/.p2/pool/plugins/org.eclipse.justj.openjdk.hotspot.jre.full.win32.x86_64_17.0.3.v20220515-1416/jre/bin;C:\Program Files (x86)\Common Files\Oracle\Java\javapath;C:\Users\kishoris\AppData\Roaming\Python\Python310\Scripts\;C:\Program Files\Python310\;C:\Windows\system32;C:\Windows;C:\Windows\System32\Wbem;C:\Windows\System32\WindowsPowerShell\v1.0\;C:\Windows\System32\OpenSSH\;C:\Program Files (x86)\CheckPoint\Endpoint Security\Endpoint Common\bin;C:\Program Files\Java\jdk1.8.0_201\bin;C:\Program Files\nodejs\;C:\Users\kishoris\AppData\Roaming\Python\Python310\Scripts;C:\Users\kishoris\AppData\Local\JetBrains\Toolbox\scripts;C:\Users\kishoris\AppData\Roaming\npm;C:\Users\kishoris\AppData\Local\Programs\Microsoft VS Code\bin;C:\Windows\System32;;."/>
    <property name="java.vm.info" value="mixed mode"/>
    <property name="java.vendor" value="Eclipse Adoptium"/>
    <property name="java.vm.version" value="17.0.3+7"/>
    <property name="sun.io.unicode.encoding" value="UnicodeLittle"/>
    <property name="java.class.version" value="61.0"/>
  </properties>
  <testcase name="runScenario[&quot;Search product and place the order&quot;, &quot;Place the order for Products&quot;](1)" classname="cucumberOptions.TestNGTestRunner" time="10.483">
    <system-out><![CDATA[Tomato is extracted from Home page
Tomato is extracted from Home page
Beetroot is extracted from Home page
Brocolli is extracted from Home page
]]></system-out>
    <system-err><![CDATA[SLF4J: Failed to load class "org.slf4j.impl.StaticLoggerBinder".
SLF4J: Defaulting to no-operation (NOP) logger implementation
SLF4J: See http://www.slf4j.org/codes.html#StaticLoggerBinder for further details.
Starting ChromeDriver 103.0.5060.53 (a1711811edd74ff1cf2150f36ffa3b0dae40b17f-refs/branch-heads/5060@{#853}) on port 64745
Only local connections are allowed.
Please see https://chromedriver.chromium.org/security-considerations for suggestions on keeping ChromeDriver safe.
ChromeDriver was started successfully.
Starting ChromeDriver 103.0.5060.53 (a1711811edd74ff1cf2150f36ffa3b0dae40b17f-refs/branch-heads/5060@{#853}) on port 60503
Only local connections are allowed.
Please see https://chromedriver.chromium.org/security-considerations for suggestions on keeping ChromeDriver safe.
ChromeDriver was started successfully.
Starting ChromeDriver 103.0.5060.53 (a1711811edd74ff1cf2150f36ffa3b0dae40b17f-refs/branch-heads/5060@{#853}) on port 62146
Only local connections are allowed.
Please see https://chromedriver.chromium.org/security-considerations for suggestions on keeping ChromeDriver safe.
ChromeDriver was started successfully.
Starting ChromeDriver 103.0.5060.53 (a1711811edd74ff1cf2150f36ffa3b0dae40b17f-refs/branch-heads/5060@{#853}) on port 63498
Only local connections are allowed.
Please see https://chromedriver.chromium.org/security-considerations for suggestions on keeping ChromeDriver safe.
ChromeDriver was started successfully.
Aug 04, 2022 11:34:49 AM org.openqa.selenium.remote.ProtocolHandshake createSession
INFO: Detected upstream dialect: W3C
Aug 04, 2022 11:34:49 AM org.openqa.selenium.remote.ProtocolHandshake createSession
INFO: Detected upstream dialect: W3C
Aug 04, 2022 11:34:49 AM org.openqa.selenium.remote.ProtocolHandshake createSession
INFO: Detected upstream dialect: W3C
Aug 04, 2022 11:34:49 AM org.openqa.selenium.devtools.CdpVersionFinder findNearestMatch
INFO: Found exact CDP implementation for version 103
Aug 04, 2022 11:34:49 AM org.openqa.selenium.devtools.CdpVersionFinder findNearestMatch
INFO: Found exact CDP implementation for version 103
Aug 04, 2022 11:34:49 AM org.openqa.selenium.devtools.CdpVersionFinder findNearestMatch
INFO: Found exact CDP implementation for version 103
Aug 04, 2022 11:34:49 AM org.openqa.selenium.remote.ProtocolHandshake createSession
INFO: Detected upstream dialect: W3C
Aug 04, 2022 11:34:49 AM org.openqa.selenium.devtools.CdpVersionFinder findNearestMatch
INFO: Found exact CDP implementation for version 103
]]></system-err>
  </testcase>
  <testcase name="runScenario[&quot;Search product and place the order&quot;, &quot;Place the order for Products&quot;](2)" classname="cucumberOptions.TestNGTestRunner" time="10.659"/>
  <testcase name="runScenario[&quot;Search Experience for product search in both home and offers page&quot;, &quot;Search and place the order for products&quot;](3)" classname="cucumberOptions.TestNGTestRunner" time="11.871">
    <system-out><![CDATA[Tomato is extracted from offer page
No data is extracted from offer page
]]></system-out>
  </testcase>
  <testcase name="runScenario[&quot;Search Experience for product search in both home and offers page&quot;, &quot;Search and place the order for products&quot;](4)" classname="cucumberOptions.TestNGTestRunner" time="11.922">
    <failure message="expected [No data] but found [Beetroot]" type="java.lang.AssertionError"><![CDATA[java.lang.AssertionError: expected [No data] but found [Beetroot]
]]></failure>
  </testcase>
</testsuite>